{"timestamp":"2025-06-26T06:26:13.937121","level":"info","event":"DAG bundles loaded: dags-folder, example_dags","logger":"airflow.dag_processing.bundles.manager.DagBundlesManager"}
{"timestamp":"2025-06-26T06:26:13.937355","level":"info","event":"Filling up the DagBag from /opt/airflow/dags/test-dag.py","logger":"airflow.models.dagbag.DagBag"}
{"timestamp":"2025-06-26T06:26:14.335025Z","level":"info","event":"Task instance is in running state","chan":"stdout","logger":"task"}
{"timestamp":"2025-06-26T06:26:14.335189Z","level":"info","event":" Previous state of the Task instance: TaskInstanceState.QUEUED","chan":"stdout","logger":"task"}
{"timestamp":"2025-06-26T06:26:14.335288Z","level":"info","event":"Current task name:train_and_evaluate","chan":"stdout","logger":"task"}
{"timestamp":"2025-06-26T06:26:14.335388Z","level":"info","event":"Dag name:newyork-taxi-predictor-dag","chan":"stdout","logger":"task"}
{"timestamp":"2025-06-26T06:26:14.358418Z","level":"error","event":"2025/06/26 06:26:14 WARNING mlflow.utils.git_utils: Failed to import Git (the Git executable is probably not on your PATH), so Git SHA is not available. Error: Failed to initialize: Bad git executable.","chan":"stderr","logger":"task"}
{"timestamp":"2025-06-26T06:26:14.358598Z","level":"error","event":"The git executable must be specified in one of the following ways:","chan":"stderr","logger":"task"}
{"timestamp":"2025-06-26T06:26:14.358658Z","level":"error","event":"    - be included in your $PATH","chan":"stderr","logger":"task"}
{"timestamp":"2025-06-26T06:26:14.358709Z","level":"error","event":"    - be set via $GIT_PYTHON_GIT_EXECUTABLE","chan":"stderr","logger":"task"}
{"timestamp":"2025-06-26T06:26:14.358774Z","level":"error","event":"    - explicitly set via git.refresh(<full-path-to-git-executable>)","chan":"stderr","logger":"task"}
{"timestamp":"2025-06-26T06:26:14.358862Z","level":"error","event":"","chan":"stderr","logger":"task"}
{"timestamp":"2025-06-26T06:26:14.358915Z","level":"error","event":"All git commands will error until this is rectified.","chan":"stderr","logger":"task"}
{"timestamp":"2025-06-26T06:26:14.358962Z","level":"error","event":"","chan":"stderr","logger":"task"}
{"timestamp":"2025-06-26T06:26:14.359007Z","level":"error","event":"This initial message can be silenced or aggravated in the future by setting the","chan":"stderr","logger":"task"}
{"timestamp":"2025-06-26T06:26:14.359051Z","level":"error","event":"$GIT_PYTHON_REFRESH environment variable. Use one of the following values:","chan":"stderr","logger":"task"}
{"timestamp":"2025-06-26T06:26:14.359096Z","level":"error","event":"    - quiet|q|silence|s|silent|none|n|0: for no message or exception","chan":"stderr","logger":"task"}
{"timestamp":"2025-06-26T06:26:14.359140Z","level":"error","event":"    - warn|w|warning|log|l|1: for a warning message (logging level CRITICAL, displayed by default)","chan":"stderr","logger":"task"}
{"timestamp":"2025-06-26T06:26:14.359183Z","level":"error","event":"    - error|e|exception|raise|r|2: for a raised exception","chan":"stderr","logger":"task"}
{"timestamp":"2025-06-26T06:26:14.359225Z","level":"error","event":"","chan":"stderr","logger":"task"}
{"timestamp":"2025-06-26T06:26:14.359268Z","level":"error","event":"Example:","chan":"stderr","logger":"task"}
{"timestamp":"2025-06-26T06:26:14.359310Z","level":"error","event":"    export GIT_PYTHON_REFRESH=quiet","chan":"stderr","logger":"task"}
{"timestamp":"2025-06-26T06:26:14.359351Z","level":"error","event":"","chan":"stderr","logger":"task"}
{"timestamp":"2025-06-26T06:26:14.556364Z","level":"info","event":"[0]\tvalidation-rmse:8.75941","chan":"stdout","logger":"task"}
{"timestamp":"2025-06-26T06:26:14.617885Z","level":"info","event":"[1]\tvalidation-rmse:8.24221","chan":"stdout","logger":"task"}
{"timestamp":"2025-06-26T06:26:14.674369Z","level":"info","event":"[2]\tvalidation-rmse:7.79651","chan":"stdout","logger":"task"}
{"timestamp":"2025-06-26T06:26:14.755369Z","level":"info","event":"[3]\tvalidation-rmse:7.41460","chan":"stdout","logger":"task"}
{"timestamp":"2025-06-26T06:26:14.824472Z","level":"info","event":"[4]\tvalidation-rmse:7.09059","chan":"stdout","logger":"task"}
{"timestamp":"2025-06-26T06:26:14.879805Z","level":"info","event":"[5]\tvalidation-rmse:6.81151","chan":"stdout","logger":"task"}
{"timestamp":"2025-06-26T06:26:14.940023Z","level":"info","event":"[6]\tvalidation-rmse:6.58003","chan":"stdout","logger":"task"}
{"timestamp":"2025-06-26T06:26:15.005125Z","level":"info","event":"[7]\tvalidation-rmse:6.38266","chan":"stdout","logger":"task"}
{"timestamp":"2025-06-26T06:26:15.071586Z","level":"info","event":"[8]\tvalidation-rmse:6.21790","chan":"stdout","logger":"task"}
{"timestamp":"2025-06-26T06:26:15.120800Z","level":"info","event":"[9]\tvalidation-rmse:6.07984","chan":"stdout","logger":"task"}
{"timestamp":"2025-06-26T06:26:15.175843Z","level":"info","event":"[10]\tvalidation-rmse:5.96535","chan":"stdout","logger":"task"}
{"timestamp":"2025-06-26T06:26:15.227858Z","level":"info","event":"[11]\tvalidation-rmse:5.86937","chan":"stdout","logger":"task"}
{"timestamp":"2025-06-26T06:26:15.276701Z","level":"info","event":"[12]\tvalidation-rmse:5.79069","chan":"stdout","logger":"task"}
{"timestamp":"2025-06-26T06:26:15.324465Z","level":"info","event":"[13]\tvalidation-rmse:5.72434","chan":"stdout","logger":"task"}
{"timestamp":"2025-06-26T06:26:15.376695Z","level":"info","event":"[14]\tvalidation-rmse:5.67112","chan":"stdout","logger":"task"}
{"timestamp":"2025-06-26T06:26:15.421512Z","level":"info","event":"[15]\tvalidation-rmse:5.62534","chan":"stdout","logger":"task"}
{"timestamp":"2025-06-26T06:26:15.463469Z","level":"info","event":"[16]\tvalidation-rmse:5.58950","chan":"stdout","logger":"task"}
{"timestamp":"2025-06-26T06:26:15.510497Z","level":"info","event":"[17]\tvalidation-rmse:5.55931","chan":"stdout","logger":"task"}
{"timestamp":"2025-06-26T06:26:15.551469Z","level":"info","event":"[18]\tvalidation-rmse:5.53348","chan":"stdout","logger":"task"}
{"timestamp":"2025-06-26T06:26:15.586397Z","level":"info","event":"[19]\tvalidation-rmse:5.51398","chan":"stdout","logger":"task"}
{"timestamp":"2025-06-26T06:26:15.623885Z","level":"info","event":"[20]\tvalidation-rmse:5.49633","chan":"stdout","logger":"task"}
{"timestamp":"2025-06-26T06:26:15.664525Z","level":"info","event":"[21]\tvalidation-rmse:5.48241","chan":"stdout","logger":"task"}
{"timestamp":"2025-06-26T06:26:15.700834Z","level":"info","event":"[22]\tvalidation-rmse:5.47015","chan":"stdout","logger":"task"}
{"timestamp":"2025-06-26T06:26:15.746427Z","level":"info","event":"[23]\tvalidation-rmse:5.46013","chan":"stdout","logger":"task"}
{"timestamp":"2025-06-26T06:26:15.782958Z","level":"info","event":"[24]\tvalidation-rmse:5.45182","chan":"stdout","logger":"task"}
{"timestamp":"2025-06-26T06:26:15.824843Z","level":"info","event":"[25]\tvalidation-rmse:5.44446","chan":"stdout","logger":"task"}
{"timestamp":"2025-06-26T06:26:15.856659Z","level":"info","event":"[26]\tvalidation-rmse:5.43798","chan":"stdout","logger":"task"}
{"timestamp":"2025-06-26T06:26:15.891506Z","level":"info","event":"[27]\tvalidation-rmse:5.43227","chan":"stdout","logger":"task"}
{"timestamp":"2025-06-26T06:26:15.945542Z","level":"info","event":"[28]\tvalidation-rmse:5.42815","chan":"stdout","logger":"task"}
{"timestamp":"2025-06-26T06:26:15.980550Z","level":"info","event":"[29]\tvalidation-rmse:5.42340","chan":"stdout","logger":"task"}
{"timestamp":"2025-06-26T06:26:16.070859Z","level":"error","event":"Registered model 'best_model_ready_to_deploy' already exists. Creating a new version of this model...","chan":"stderr","logger":"task"}
{"timestamp":"2025-06-26T06:26:16.093700Z","level":"info","event":"🏃 View run orderly-stag-731 at: http://mlflow:5000/#/experiments/2/runs/fdc91265e30d4a448aa3ba16551d6f22","chan":"stdout","logger":"task"}
{"timestamp":"2025-06-26T06:26:16.093892Z","level":"info","event":"🧪 View experiment at: http://mlflow:5000/#/experiments/2","chan":"stdout","logger":"task"}
{"timestamp":"2025-06-26T06:26:16.099877","level":"error","event":"Task failed with exception","logger":"task","error_detail":[{"exc_type":"MlflowException","exc_value":"Unable to find a logged_model with artifact_path model under run fdc91265e30d4a448aa3ba16551d6f22","exc_notes":[],"syntax_error":null,"is_cause":false,"frames":[{"filename":"/home/airflow/.local/lib/python3.12/site-packages/airflow/sdk/execution_time/task_runner.py","lineno":838,"name":"run"},{"filename":"/home/airflow/.local/lib/python3.12/site-packages/airflow/sdk/execution_time/task_runner.py","lineno":1130,"name":"_execute_task"},{"filename":"/home/airflow/.local/lib/python3.12/site-packages/airflow/sdk/bases/operator.py","lineno":408,"name":"wrapper"},{"filename":"/home/airflow/.local/lib/python3.12/site-packages/airflow/sdk/bases/decorator.py","lineno":251,"name":"execute"},{"filename":"/home/airflow/.local/lib/python3.12/site-packages/airflow/sdk/bases/operator.py","lineno":408,"name":"wrapper"},{"filename":"/home/airflow/.local/lib/python3.12/site-packages/airflow/providers/standard/operators/python.py","lineno":212,"name":"execute"},{"filename":"/home/airflow/.local/lib/python3.12/site-packages/airflow/providers/standard/operators/python.py","lineno":235,"name":"execute_callable"},{"filename":"/home/airflow/.local/lib/python3.12/site-packages/airflow/sdk/execution_time/callback_runner.py","lineno":81,"name":"run"},{"filename":"/opt/airflow/dags/test-dag.py","lineno":144,"name":"train_and_evaluate"},{"filename":"/home/airflow/.local/lib/python3.12/site-packages/mlflow/tracking/_model_registry/fluent.py","lineno":127,"name":"register_model"},{"filename":"/home/airflow/.local/lib/python3.12/site-packages/mlflow/tracking/_model_registry/fluent.py","lineno":178,"name":"_register_model"}]}]}
{"timestamp":"2025-06-26T06:26:16.100315Z","level":"info","event":"Task instance in failure state","chan":"stdout","logger":"task"}
{"timestamp":"2025-06-26T06:26:16.100685Z","level":"info","event":"Task start","chan":"stdout","logger":"task"}
{"timestamp":"2025-06-26T06:26:16.100757Z","level":"info","event":"Task:<Task(_PythonDecoratedOperator): train_and_evaluate>","chan":"stdout","logger":"task"}
{"timestamp":"2025-06-26T06:26:16.100829Z","level":"info","event":"Failure caused by Unable to find a logged_model with artifact_path model under run fdc91265e30d4a448aa3ba16551d6f22","chan":"stdout","logger":"task"}
